<?xml version="1.0" encoding="UTF-8"?>
<!-- Generated by org.testng.reporters.JUnitReportReporter -->
<testsuite hostname="MSI-L1584" name="com.met.datadriven.sanitytestcases.Standard_form" tests="1" failures="0" timestamp="13 Oct 2017 12:06:36 GMT" time="116.074" errors="0">
  <testcase name="standardData" time="116.074" classname="com.met.datadriven.sanitytestcases.Standard_form"/>
</testsuite> <!-- com.met.datadriven.sanitytestcases.Standard_form -->
