<?xml version="1.0" encoding="UTF-8"?>
<!-- Generated by org.testng.reporters.JUnitReportReporter -->
<testsuite hostname="MSI-L1584" name="com.met.datadriven.sanitytestcases.Asset_form" tests="1" failures="0" timestamp="13 Oct 2017 12:06:36 GMT" time="117.758" errors="0">
  <testcase name="assetFormData" time="117.758" classname="com.met.datadriven.sanitytestcases.Asset_form"/>
</testsuite> <!-- com.met.datadriven.sanitytestcases.Asset_form -->
