<?xml version="1.0" encoding="UTF-8"?>
<!-- Generated by org.testng.reporters.JUnitReportReporter -->
<testsuite hostname="MSI-L1584" name="com.met.datadriven.regressiontestcases.AOC_form_workflow_Ini_owner_l1_l2_approvers" tests="1" failures="0" timestamp="9 Oct 2017 06:41:36 GMT" time="200.935" errors="0">
  <testcase name="areaOfComplianceAllData" time="200.935" classname="com.met.datadriven.regressiontestcases.AOC_form_workflow_Ini_owner_l1_l2_approvers"/>
</testsuite> <!-- com.met.datadriven.regressiontestcases.AOC_form_workflow_Ini_owner_l1_l2_approvers -->
