<?xml version="1.0" encoding="UTF-8"?>
<!-- Generated by org.testng.reporters.JUnitReportReporter -->
<testsuite hostname="MSI-L1584" name="com.met.datadriven.sanitytestcases.Objective_form" tests="1" failures="0" timestamp="13 Oct 2017 12:06:36 GMT" time="130.264" errors="0">
  <testcase name="objectiveForm_Sanity" time="130.264" classname="com.met.datadriven.sanitytestcases.Objective_form"/>
</testsuite> <!-- com.met.datadriven.sanitytestcases.Objective_form -->
