<?xml version="1.0" encoding="UTF-8"?>
<!-- Generated by org.testng.reporters.JUnitReportReporter -->
<testsuite hostname="MSI-L1584" name="com.met.datadriven.sanitytestcases.Control_form" tests="1" failures="0" timestamp="3 Oct 2017 11:22:24 GMT" time="70.719" errors="0">
  <testcase name="areaOfComplianceAllData" time="70.719" classname="com.met.datadriven.sanitytestcases.Control_form"/>
</testsuite> <!-- com.met.datadriven.sanitytestcases.Control_form -->
