<?xml version="1.0" encoding="UTF-8"?>
<!-- Generated by org.testng.reporters.JUnitReportReporter -->
<testsuite hostname="MSI-L1584" name="com.met.datadriven.sanitytestcases.AOC_report" tests="1" failures="0" timestamp="13 Oct 2017 12:06:36 GMT" time="45.358" errors="0">
  <testcase name="aoc_report_validation" time="45.358" classname="com.met.datadriven.sanitytestcases.AOC_report"/>
</testsuite> <!-- com.met.datadriven.sanitytestcases.AOC_report -->
