<?xml version="1.0" encoding="UTF-8"?>
<!-- Generated by org.testng.reporters.JUnitReportReporter -->
<testsuite hostname="MSI-L1584" name="com.met.datadriven.regressiontestcases.AOC_DataBrowser_Validation" tests="1" failures="0" timestamp="23 Oct 2017 06:23:58 GMT" time="53.030" errors="0">
  <testcase name="areaOfComplianceAllData" time="53.030" classname="com.met.datadriven.regressiontestcases.AOC_DataBrowser_Validation"/>
</testsuite> <!-- com.met.datadriven.regressiontestcases.AOC_DataBrowser_Validation -->
