<?xml version="1.0" encoding="UTF-8"?>
<!-- Generated by org.testng.reporters.JUnitReportReporter -->
<testsuite hostname="MSI-L1584" name="com.met.datadriven.testcases.InitialzingBrowserAndURL" tests="1" failures="0" timestamp="25 Sep 2017 09:33:03 GMT" time="10.394" errors="0">
  <testcase name="load_url" time="10.394" classname="com.met.datadriven.testcases.InitialzingBrowserAndURL"/>
</testsuite> <!-- com.met.datadriven.testcases.InitialzingBrowserAndURL -->
