<?xml version="1.0" encoding="UTF-8"?>
<!-- Generated by org.testng.reporters.JUnitReportReporter -->
<testsuite hostname="MSI-L1584" name="com.met.datadriven.regressiontestcases.AOC_form_workflow_Initiator_Owner_Level1_Level2_Approvers" tests="1" failures="0" timestamp="23 Oct 2017 05:51:04 GMT" time="588.194" errors="0">
  <testcase name="areaOfComplianceAllData" time="588.194" classname="com.met.datadriven.regressiontestcases.AOC_form_workflow_Initiator_Owner_Level1_Level2_Approvers"/>
</testsuite> <!-- com.met.datadriven.regressiontestcases.AOC_form_workflow_Initiator_Owner_Level1_Level2_Approvers -->
