<?xml version="1.0" encoding="UTF-8"?>
<!-- Generated by org.testng.reporters.JUnitReportReporter -->
<testsuite hostname="MSI-L1584" name="com.met.datadriven.sanitytestcases.FinancialAccount_form" tests="1" failures="0" timestamp="13 Oct 2017 12:06:36 GMT" time="97.381" errors="0">
  <testcase name="financialAccountData" time="97.381" classname="com.met.datadriven.sanitytestcases.FinancialAccount_form"/>
</testsuite> <!-- com.met.datadriven.sanitytestcases.FinancialAccount_form -->
